2020-09-20 01:34:20,483:WARNING:discord.client: PyNaCl is not installed, voice will NOT be supported
2020-09-20 01:34:20,484:DEBUG:discord.client: on_ready has successfully been registered as an event
2020-09-20 01:34:20,487:INFO:discord.client: logging in using static token
2020-09-20 01:34:20,691:DEBUG:discord.http: GET https://discord.com/api/v7/users/@me with None has returned 200
2020-09-20 01:34:20,691:DEBUG:discord.http: GET https://discord.com/api/v7/users/@me has received {'id': '757071685852856410', 'username': '!Random', 'avatar': '29c6621f4cbafba23390374f764b0c90', 'discriminator': '9396', 'public_flags': 0, 'flags': 0, 'bot': True, 'email': None, 'verified': True, 'locale': 'en-US', 'mfa_enabled': True}
2020-09-20 01:34:20,728:DEBUG:discord.http: GET https://discord.com/api/v7/gateway with None has returned 200
2020-09-20 01:34:20,728:DEBUG:discord.http: GET https://discord.com/api/v7/gateway has received {'url': 'wss://gateway.discord.gg'}
2020-09-20 01:34:20,854:DEBUG:discord.gateway: Created websocket connected to wss://gateway.discord.gg?encoding=json&v=6&compress=zlib-stream
2020-09-20 01:34:20,855:DEBUG:discord.client: Dispatching event socket_raw_receive
2020-09-20 01:34:20,855:DEBUG:discord.gateway: For Shard ID None: WebSocket Event: {'t': None, 's': None, 'op': 10, 'd': {'heartbeat_interval': 41250, '_trace': ['["gateway-prd-main-v1tb",{"micros":0.0}]']}}
2020-09-20 01:34:20,855:DEBUG:discord.client: Dispatching event socket_response
2020-09-20 01:34:20,855:DEBUG:discord.client: Dispatching event socket_raw_send
2020-09-20 01:34:20,855:DEBUG:discord.client: Dispatching event socket_raw_send
2020-09-20 01:34:20,855:INFO:discord.gateway: Shard ID None has sent the IDENTIFY payload.
2020-09-20 01:34:20,914:DEBUG:discord.client: Dispatching event socket_raw_receive
2020-09-20 01:34:20,914:DEBUG:discord.gateway: For Shard ID None: WebSocket Event: {'t': None, 's': None, 'op': 11, 'd': None}
2020-09-20 01:34:20,914:DEBUG:discord.client: Dispatching event socket_response
2020-09-20 01:34:20,957:DEBUG:discord.client: Dispatching event socket_raw_receive
2020-09-20 01:34:20,957:DEBUG:discord.gateway: For Shard ID None: WebSocket Event: {'t': 'READY', 's': 1, 'op': 0, 'd': {'v': 6, 'user_settings': {}, 'user': {'verified': True, 'username': '!Random', 'mfa_enabled': True, 'id': '757071685852856410', 'flags': 0, 'email': None, 'discriminator': '9396', 'bot': True, 'avatar': '29c6621f4cbafba23390374f764b0c90'}, 'session_id': '8e965c704a54144ac1018d4e17a765fb', 'relationships': [], 'private_channels': [], 'presences': [], 'guilds': [{'unavailable': True, 'id': '662464939469963285'}], 'application': {'id': '757071685852856410', 'flags': 0}, '_trace': ['["gateway-prd-main-v1tb",{"micros":42816,"calls":["discord-sessions-prd-2-18",{"micros":41583,"calls":["start_session",{"micros":39223,"calls":["api-prd-main-jz3l",{"micros":36895,"calls":["get_user",{"micros":2282},"add_authorized_ip",{"micros":4893},"get_guilds",{"micros":4197},"coros_wait",{"micros":1}]}]},"guilds_connect",{"micros":2,"calls":[]},"presence_connect",{"micros":1,"calls":[]}]}]}]']}}
2020-09-20 01:34:20,957:DEBUG:discord.client: Dispatching event socket_response
2020-09-20 01:34:20,957:INFO:discord.gateway: Shard ID None has connected to Gateway: ["gateway-prd-main-v1tb",{"micros":42816,"calls":["discord-sessions-prd-2-18",{"micros":41583,"calls":["start_session",{"micros":39223,"calls":["api-prd-main-jz3l",{"micros":36895,"calls":["get_user",{"micros":2282},"add_authorized_ip",{"micros":4893},"get_guilds",{"micros":4197},"coros_wait",{"micros":1}]}]},"guilds_connect",{"micros":2,"calls":[]},"presence_connect",{"micros":1,"calls":[]}]}]}] (Session ID: 8e965c704a54144ac1018d4e17a765fb).
2020-09-20 01:34:20,963:DEBUG:discord.client: Dispatching event connect
2020-09-20 01:34:20,964:DEBUG:discord.client: Dispatching event socket_raw_receive
2020-09-20 01:34:20,964:DEBUG:discord.gateway: For Shard ID None: WebSocket Event: {'t': 'GUILD_CREATE', 's': 2, 'op': 0, 'd': {'region': 'us-east', 'preferred_locale': 'en-US', 'vanity_url_code': None, 'owner_id': '79597898202882048', 'afk_channel_id': None, 'members': [{'user': {'username': 'Xylr', 'id': '79597898202882048', 'discriminator': '0781', 'avatar': '26f5e6233b2aeb2071ae3bcb2dc26cfe'}, 'roles': ['662467059657211906'], 'mute': False, 'joined_at': '2020-01-03T01:19:09.595000+00:00', 'hoisted_role': '662467059657211906', 'deaf': False}, {'user': {'username': 'Xylr-test', 'id': '516389045098774529', 'discriminator': '7313', 'avatar': None}, 'roles': [], 'mute': False, 'joined_at': '2020-01-07T15:19:11.315000+00:00', 'hoisted_role': None, 'deaf': False}, {'user': {'username': 'wiseinsanity', 'id': '524652606161813514', 'discriminator': '7186', 'avatar': None}, 'roles': ['662467059657211906'], 'mute': False, 'joined_at': '2020-01-07T18:17:42.641000+00:00', 'hoisted_role': '662467059657211906', 'deaf': False}, {'user': {'username': 'Qwixz', 'id': '662462977123024896', 'discriminator': '7641', 'bot': True, 'avatar': None}, 'roles': ['662466990392344587'], 'mute': False, 'joined_at': '2020-01-03T01:21:05.626000+00:00', 'hoisted_role': '662466990392344587', 'deaf': False}, {'user': {'username': '!Random', 'id': '757071685852856410', 'discriminator': '9396', 'bot': True, 'avatar': '29c6621f4cbafba23390374f764b0c90'}, 'roles': ['757074101792931952'], 'premium_since': None, 'nick': None, 'mute': False, 'joined_at': '2020-09-20T03:02:11.658712+00:00', 'hoisted_role': None, 'deaf': False}], 'large': False, 'discovery_splash': None, 'presences': [{'user': {'id': '79597898202882048'}, 'status': 'online', 'game': {'type': 0, 'timestamps': {'start': 1600574668544}, 'name': 'Visual Studio Code', 'id': '8e81338e4486e14b', 'created_at': 1600574668861}, 'client_status': {'desktop': 'online'}, 'activities': [{'type': 0, 'timestamps': {'start': 1600574668544}, 'name': 'Visual Studio Code', 'id': '8e81338e4486e14b', 'created_at': 1600574668861}]}, {'user': {'id': '757071685852856410'}, 'status': 'online', 'game': None, 'client_status': {'web': 'online'}, 'activities': []}], 'verification_level': 0, 'features': [], 'premium_subscription_count': 0, 'joined_at': '2020-09-20T03:02:11.658712+00:00', 'lazy': True, 'mfa_level': 0, 'max_video_channel_users': 25, 'rules_channel_id': None, 'application_id': None, 'roles': [{'position': 0, 'permissions_new': '104324673', 'permissions': 104324673, 'name': '@everyone', 'mentionable': False, 'managed': False, 'id': '662464939469963285', 'hoist': False, 'color': 0}, {'position': 1, 'permissions_new': '2146959103', 'permissions': 2146959103, 'name': 'Bot', 'mentionable': True, 'managed': False, 'id': '662466990392344587', 'hoist': True, 'color': 3447003}, {'position': 2, 'permissions_new': '2146959103', 'permissions': 2146959103, 'name': 'Admin', 'mentionable': True, 'managed': False, 'id': '662467059657211906', 'hoist': True, 'color': 16711680}, {'tags': {'bot_id': '757071685852856410'}, 'position': 1, 'permissions_new': '18432', 'permissions': 18432, 'name': 'Among Us Randomizer', 'mentionable': False, 'managed': True, 'id': '757074101792931952', 'hoist': False, 'color': 0}], 'afk_timeout': 300, 'name': 'PyBot', 'icon': None, 'explicit_content_filter': 0, 'max_members': 250000, 'unavailable': False, 'emojis': [], 'system_channel_flags': 0, 'guild_hashes': {'version': 1, 'roles': {'omitted': False, 'hash': 'gDLuIgs9Mog'}, 'metadata': {'omitted': False, 'hash': 'L9Pvd8CH0q4'}, 'channels': {'omitted': False, 'hash': 'hxEygG63/1Y'}}, 'member_count': 5, 'system_channel_id': '662464939469963289', 'channels': [{'type': 4, 'position': 0, 'permission_overwrites': [], 'name': 'Text Channels', 'id': '662464939469963287'}, {'type': 4, 'position': 0, 'permission_overwrites': [], 'name': 'Voice Channels', 'id': '662464939469963288'}, {'type': 0, 'topic': None, 'rate_limit_per_user': 0, 'position': 0, 'permission_overwrites': [], 'parent_id': '662464939469963287', 'name': 'general', 'last_message_id': '757107346513330236', 'id': '662464939469963289'}, {'user_limit': 0, 'type': 2, 'position': 0, 'permission_overwrites': [], 'parent_id': '662464939469963288', 'name': 'General', 'id': '662464939469963290', 'bitrate': 64000}, {'type': 0, 'topic': None, 'rate_limit_per_user': 0, 'position': 1, 'permission_overwrites': [], 'name': 'test', 'last_message_id': None, 'id': '662671704258117663'}, {'type': 0, 'topic': None, 'rate_limit_per_user': 0, 'position': 2, 'permission_overwrites': [{'type': 'role', 'id': '662464939469963285', 'deny_new': '2048', 'deny': 2048, 'allow_new': '64', 'allow': 64}], 'parent_id': '662464939469963287', 'name': 'apollo-events', 'last_message_id': '754874181111513141', 'id': '754873871349579856'}], 'premium_tier': 0, 'voice_states': [], 'default_message_notifications': 0, 'splash': None, 'public_updates_channel_id': None, 'id': '662464939469963285', 'banner': None, 'description': None}}
2020-09-20 01:34:20,964:DEBUG:discord.client: Dispatching event socket_response
2020-09-20 01:34:20,964:DEBUG:discord.client: Dispatching event guild_available
2020-09-20 01:34:22,964:DEBUG:discord.client: Dispatching event ready
2020-09-20 01:34:22,966:INFO:discord: Connected to server:
2020-09-20 01:34:22,966:INFO:discord: PyBot
2020-09-20 01:35:02,106:DEBUG:discord.gateway: Keeping shard ID None websocket alive with sequence 2.
2020-09-20 01:35:02,107:DEBUG:discord.client: Dispatching event socket_raw_send
2020-09-20 01:35:02,156:DEBUG:discord.client: Dispatching event socket_raw_receive
2020-09-20 01:35:02,156:DEBUG:discord.gateway: For Shard ID None: WebSocket Event: {'t': None, 's': None, 'op': 11, 'd': None}
2020-09-20 01:35:02,156:DEBUG:discord.client: Dispatching event socket_response
2020-09-20 01:35:43,358:DEBUG:discord.gateway: Keeping shard ID None websocket alive with sequence 2.
2020-09-20 01:35:43,358:DEBUG:discord.client: Dispatching event socket_raw_send
2020-09-20 01:35:43,410:DEBUG:discord.client: Dispatching event socket_raw_receive
2020-09-20 01:35:43,410:DEBUG:discord.gateway: For Shard ID None: WebSocket Event: {'t': None, 's': None, 'op': 11, 'd': None}
2020-09-20 01:35:43,410:DEBUG:discord.client: Dispatching event socket_response
2020-09-20 01:35:54,854:DEBUG:discord.client: Dispatching event socket_raw_receive
2020-09-20 01:35:54,854:DEBUG:discord.gateway: For Shard ID None: WebSocket Event: {'t': 'TYPING_START', 's': 3, 'op': 0, 'd': {'user_id': '79597898202882048', 'timestamp': 1600580155, 'member': {'user': {'username': 'Xylr', 'id': '79597898202882048', 'discriminator': '0781', 'avatar': '26f5e6233b2aeb2071ae3bcb2dc26cfe'}, 'roles': ['662467059657211906'], 'mute': False, 'joined_at': '2020-01-03T01:19:09.595000+00:00', 'hoisted_role': '662467059657211906', 'deaf': False}, 'channel_id': '662464939469963289', 'guild_id': '662464939469963285'}}
2020-09-20 01:35:54,854:DEBUG:discord.client: Dispatching event socket_response
2020-09-20 01:35:54,854:DEBUG:discord.client: Dispatching event typing
2020-09-20 01:35:57,970:DEBUG:discord.client: Dispatching event socket_raw_receive
2020-09-20 01:35:57,970:DEBUG:discord.gateway: For Shard ID None: WebSocket Event: {'t': 'MESSAGE_CREATE', 's': 4, 'op': 0, 'd': {'type': 0, 'tts': False, 'timestamp': '2020-09-20T05:35:58.207000+00:00', 'pinned': False, 'nonce': '757112799393480704', 'mentions': [], 'mention_roles': [], 'mention_everyone': False, 'member': {'roles': ['662467059657211906'], 'mute': False, 'joined_at': '2020-01-03T01:19:09.595000+00:00', 'hoisted_role': '662467059657211906', 'deaf': False}, 'id': '757112800886784060', 'flags': 0, 'embeds': [], 'edited_timestamp': None, 'content': '!unload cogs.error_handler', 'channel_id': '662464939469963289', 'author': {'username': 'Xylr', 'public_flags': 0, 'id': '79597898202882048', 'discriminator': '0781', 'avatar': '26f5e6233b2aeb2071ae3bcb2dc26cfe'}, 'attachments': [], 'guild_id': '662464939469963285'}}
2020-09-20 01:35:57,970:DEBUG:discord.client: Dispatching event socket_response
2020-09-20 01:35:57,970:DEBUG:discord.client: Dispatching event message
2020-09-20 01:35:57,970:DEBUG:discord.client: Dispatching event command
2020-09-20 01:35:58,156:DEBUG:discord.client: Dispatching event socket_raw_receive
2020-09-20 01:35:58,156:DEBUG:discord.gateway: For Shard ID None: WebSocket Event: {'t': 'MESSAGE_CREATE', 's': 5, 'op': 0, 'd': {'type': 0, 'tts': False, 'timestamp': '2020-09-20T05:35:58.356000+00:00', 'pinned': False, 'mentions': [{'username': 'Xylr', 'public_flags': 0, 'member': {'roles': ['662467059657211906'], 'mute': False, 'joined_at': '2020-01-03T01:19:09.595000+00:00', 'hoisted_role': '662467059657211906', 'deaf': False}, 'id': '79597898202882048', 'discriminator': '0781', 'avatar': '26f5e6233b2aeb2071ae3bcb2dc26cfe'}], 'mention_roles': [], 'mention_everyone': False, 'member': {'roles': ['757074101792931952'], 'premium_since': None, 'nick': None, 'mute': False, 'joined_at': '2020-09-20T03:02:11.658712+00:00', 'hoisted_role': None, 'deaf': False}, 'id': '757112801511604255', 'flags': 0, 'embeds': [], 'edited_timestamp': None, 'content': '<@79597898202882048> -> **`### SUCCESS ###`** cogs.error_handler has been unloaded.', 'channel_id': '662464939469963289', 'author': {'username': '!Random', 'public_flags': 0, 'id': '757071685852856410', 'discriminator': '9396', 'bot': True, 'avatar': '29c6621f4cbafba23390374f764b0c90'}, 'attachments': [], 'guild_id': '662464939469963285'}}
2020-09-20 01:35:58,156:DEBUG:discord.client: Dispatching event socket_response
2020-09-20 01:35:58,156:DEBUG:discord.client: Dispatching event message
2020-09-20 01:35:58,231:DEBUG:discord.http: POST https://discord.com/api/v7/channels/662464939469963289/messages with {"content":"<@79597898202882048> -> **`### SUCCESS ###`** cogs.error_handler has been unloaded."} has returned 200
2020-09-20 01:35:58,232:DEBUG:discord.http: POST https://discord.com/api/v7/channels/662464939469963289/messages has received {'id': '757112801511604255', 'type': 0, 'content': '<@79597898202882048> -> **`### SUCCESS ###`** cogs.error_handler has been unloaded.', 'channel_id': '662464939469963289', 'author': {'id': '757071685852856410', 'username': '!Random', 'avatar': '29c6621f4cbafba23390374f764b0c90', 'discriminator': '9396', 'public_flags': 0, 'bot': True}, 'attachments': [], 'embeds': [], 'mentions': [{'id': '79597898202882048', 'username': 'Xylr', 'avatar': '26f5e6233b2aeb2071ae3bcb2dc26cfe', 'discriminator': '0781', 'public_flags': 0}], 'mention_roles': [], 'pinned': False, 'mention_everyone': False, 'tts': False, 'timestamp': '2020-09-20T05:35:58.356000+00:00', 'edited_timestamp': None, 'flags': 0}
2020-09-20 01:35:58,232:DEBUG:discord.client: Dispatching event command_completion
2020-09-20 01:36:00,639:DEBUG:discord.client: Dispatching event socket_raw_receive
2020-09-20 01:36:00,639:DEBUG:discord.gateway: For Shard ID None: WebSocket Event: {'t': 'MESSAGE_CREATE', 's': 6, 'op': 0, 'd': {'type': 0, 'tts': False, 'timestamp': '2020-09-20T05:36:00.875000+00:00', 'pinned': False, 'nonce': '757112810713907200', 'mentions': [], 'mention_roles': [], 'mention_everyone': False, 'member': {'roles': ['662467059657211906'], 'mute': False, 'joined_at': '2020-01-03T01:19:09.595000+00:00', 'hoisted_role': '662467059657211906', 'deaf': False}, 'id': '757112812077056042', 'flags': 0, 'embeds': [], 'edited_timestamp': None, 'content': '!stop', 'channel_id': '662464939469963289', 'author': {'username': 'Xylr', 'public_flags': 0, 'id': '79597898202882048', 'discriminator': '0781', 'avatar': '26f5e6233b2aeb2071ae3bcb2dc26cfe'}, 'attachments': [], 'guild_id': '662464939469963285'}}
2020-09-20 01:36:00,639:DEBUG:discord.client: Dispatching event socket_response
2020-09-20 01:36:00,639:DEBUG:discord.client: Dispatching event message
2020-09-20 01:36:00,640:DEBUG:discord.client: Dispatching event command_error
2020-09-20 01:36:24,610:DEBUG:discord.gateway: Keeping shard ID None websocket alive with sequence 6.
2020-09-20 01:36:24,610:DEBUG:discord.client: Dispatching event socket_raw_send
2020-09-20 01:36:24,660:DEBUG:discord.client: Dispatching event socket_raw_receive
2020-09-20 01:36:24,660:DEBUG:discord.gateway: For Shard ID None: WebSocket Event: {'t': None, 's': None, 'op': 11, 'd': None}
2020-09-20 01:36:24,661:DEBUG:discord.client: Dispatching event socket_response
2020-09-20 01:37:05,861:DEBUG:discord.gateway: Keeping shard ID None websocket alive with sequence 6.
2020-09-20 01:37:05,861:DEBUG:discord.client: Dispatching event socket_raw_send
2020-09-20 01:37:05,911:DEBUG:discord.client: Dispatching event socket_raw_receive
2020-09-20 01:37:05,912:DEBUG:discord.gateway: For Shard ID None: WebSocket Event: {'t': None, 's': None, 'op': 11, 'd': None}
2020-09-20 01:37:05,912:DEBUG:discord.client: Dispatching event socket_response
2020-09-20 01:37:14,778:DEBUG:discord.client: Dispatching event socket_raw_receive
2020-09-20 01:37:14,778:DEBUG:discord.gateway: For Shard ID None: WebSocket Event: {'t': 'TYPING_START', 's': 7, 'op': 0, 'd': {'user_id': '79597898202882048', 'timestamp': 1600580235, 'member': {'user': {'username': 'Xylr', 'id': '79597898202882048', 'discriminator': '0781', 'avatar': '26f5e6233b2aeb2071ae3bcb2dc26cfe'}, 'roles': ['662467059657211906'], 'mute': False, 'joined_at': '2020-01-03T01:19:09.595000+00:00', 'hoisted_role': '662467059657211906', 'deaf': False}, 'channel_id': '662464939469963289', 'guild_id': '662464939469963285'}}
2020-09-20 01:37:14,778:DEBUG:discord.client: Dispatching event socket_response
2020-09-20 01:37:14,778:DEBUG:discord.client: Dispatching event typing
2020-09-20 01:37:19,070:DEBUG:discord.client: Dispatching event socket_raw_receive
2020-09-20 01:37:19,070:DEBUG:discord.gateway: For Shard ID None: WebSocket Event: {'t': 'MESSAGE_CREATE', 's': 8, 'op': 0, 'd': {'type': 0, 'tts': False, 'timestamp': '2020-09-20T05:37:19.257000+00:00', 'pinned': False, 'nonce': '757113139639615488', 'mentions': [], 'mention_roles': [], 'mention_everyone': False, 'member': {'roles': ['662467059657211906'], 'mute': False, 'joined_at': '2020-01-03T01:19:09.595000+00:00', 'hoisted_role': '662467059657211906', 'deaf': False}, 'id': '757113140835123232', 'flags': 0, 'embeds': [], 'edited_timestamp': None, 'content': '!load cogs.error_handler', 'channel_id': '662464939469963289', 'author': {'username': 'Xylr', 'public_flags': 0, 'id': '79597898202882048', 'discriminator': '0781', 'avatar': '26f5e6233b2aeb2071ae3bcb2dc26cfe'}, 'attachments': [], 'guild_id': '662464939469963285'}}
2020-09-20 01:37:19,070:DEBUG:discord.client: Dispatching event socket_response
2020-09-20 01:37:19,070:DEBUG:discord.client: Dispatching event message
2020-09-20 01:37:19,070:DEBUG:discord.client: Dispatching event command
2020-09-20 01:37:19,219:DEBUG:discord.client: Dispatching event socket_raw_receive
2020-09-20 01:37:19,219:DEBUG:discord.gateway: For Shard ID None: WebSocket Event: {'t': 'MESSAGE_CREATE', 's': 9, 'op': 0, 'd': {'type': 0, 'tts': False, 'timestamp': '2020-09-20T05:37:19.452000+00:00', 'pinned': False, 'mentions': [{'username': 'Xylr', 'public_flags': 0, 'member': {'roles': ['662467059657211906'], 'mute': False, 'joined_at': '2020-01-03T01:19:09.595000+00:00', 'hoisted_role': '662467059657211906', 'deaf': False}, 'id': '79597898202882048', 'discriminator': '0781', 'avatar': '26f5e6233b2aeb2071ae3bcb2dc26cfe'}], 'mention_roles': [], 'mention_everyone': False, 'member': {'roles': ['757074101792931952'], 'premium_since': None, 'nick': None, 'mute': False, 'joined_at': '2020-09-20T03:02:11.658712+00:00', 'hoisted_role': None, 'deaf': False}, 'id': '757113141652881458', 'flags': 0, 'embeds': [], 'edited_timestamp': None, 'content': '<@79597898202882048> -> **`### SUCCESS ###`** cogs.error_handler has been loaded.', 'channel_id': '662464939469963289', 'author': {'username': '!Random', 'public_flags': 0, 'id': '757071685852856410', 'discriminator': '9396', 'bot': True, 'avatar': '29c6621f4cbafba23390374f764b0c90'}, 'attachments': [], 'guild_id': '662464939469963285'}}
2020-09-20 01:37:19,219:DEBUG:discord.client: Dispatching event socket_response
2020-09-20 01:37:19,220:DEBUG:discord.client: Dispatching event message
2020-09-20 01:37:19,233:DEBUG:discord.http: POST https://discord.com/api/v7/channels/662464939469963289/messages with {"content":"<@79597898202882048> -> **`### SUCCESS ###`** cogs.error_handler has been loaded."} has returned 200
2020-09-20 01:37:19,234:DEBUG:discord.http: POST https://discord.com/api/v7/channels/662464939469963289/messages has received {'id': '757113141652881458', 'type': 0, 'content': '<@79597898202882048> -> **`### SUCCESS ###`** cogs.error_handler has been loaded.', 'channel_id': '662464939469963289', 'author': {'id': '757071685852856410', 'username': '!Random', 'avatar': '29c6621f4cbafba23390374f764b0c90', 'discriminator': '9396', 'public_flags': 0, 'bot': True}, 'attachments': [], 'embeds': [], 'mentions': [{'id': '79597898202882048', 'username': 'Xylr', 'avatar': '26f5e6233b2aeb2071ae3bcb2dc26cfe', 'discriminator': '0781', 'public_flags': 0}], 'mention_roles': [], 'pinned': False, 'mention_everyone': False, 'tts': False, 'timestamp': '2020-09-20T05:37:19.452000+00:00', 'edited_timestamp': None, 'flags': 0}
2020-09-20 01:37:19,234:DEBUG:discord.client: Dispatching event command_completion
2020-09-20 01:37:20,740:DEBUG:discord.client: Dispatching event socket_raw_receive
2020-09-20 01:37:20,740:DEBUG:discord.gateway: For Shard ID None: WebSocket Event: {'t': 'MESSAGE_CREATE', 's': 10, 'op': 0, 'd': {'type': 0, 'tts': False, 'timestamp': '2020-09-20T05:37:20.974000+00:00', 'pinned': False, 'nonce': '757113146614743040', 'mentions': [], 'mention_roles': [], 'mention_everyone': False, 'member': {'roles': ['662467059657211906'], 'mute': False, 'joined_at': '2020-01-03T01:19:09.595000+00:00', 'hoisted_role': '662467059657211906', 'deaf': False}, 'id': '757113148036874251', 'flags': 0, 'embeds': [], 'edited_timestamp': None, 'content': '!stop', 'channel_id': '662464939469963289', 'author': {'username': 'Xylr', 'public_flags': 0, 'id': '79597898202882048', 'discriminator': '0781', 'avatar': '26f5e6233b2aeb2071ae3bcb2dc26cfe'}, 'attachments': [], 'guild_id': '662464939469963285'}}
2020-09-20 01:37:20,740:DEBUG:discord.client: Dispatching event socket_response
2020-09-20 01:37:20,740:DEBUG:discord.client: Dispatching event message
2020-09-20 01:37:20,740:DEBUG:discord.client: Dispatching event command_error
2020-09-20 01:37:47,113:DEBUG:discord.gateway: Keeping shard ID None websocket alive with sequence 10.
2020-09-20 01:37:47,113:DEBUG:discord.client: Dispatching event socket_raw_send
2020-09-20 01:37:47,162:DEBUG:discord.client: Dispatching event socket_raw_receive
2020-09-20 01:37:47,162:DEBUG:discord.gateway: For Shard ID None: WebSocket Event: {'t': None, 's': None, 'op': 11, 'd': None}
2020-09-20 01:37:47,162:DEBUG:discord.client: Dispatching event socket_response
2020-09-20 01:38:28,363:DEBUG:discord.gateway: Keeping shard ID None websocket alive with sequence 10.
2020-09-20 01:38:28,363:DEBUG:discord.client: Dispatching event socket_raw_send
2020-09-20 01:38:28,413:DEBUG:discord.client: Dispatching event socket_raw_receive
2020-09-20 01:38:28,413:DEBUG:discord.gateway: For Shard ID None: WebSocket Event: {'t': None, 's': None, 'op': 11, 'd': None}
2020-09-20 01:38:28,413:DEBUG:discord.client: Dispatching event socket_response
2020-09-20 01:38:32,457:DEBUG:discord.client: Dispatching event socket_raw_receive
2020-09-20 01:38:32,457:DEBUG:discord.gateway: For Shard ID None: WebSocket Event: {'t': 'TYPING_START', 's': 11, 'op': 0, 'd': {'user_id': '79597898202882048', 'timestamp': 1600580312, 'member': {'user': {'username': 'Xylr', 'id': '79597898202882048', 'discriminator': '0781', 'avatar': '26f5e6233b2aeb2071ae3bcb2dc26cfe'}, 'roles': ['662467059657211906'], 'mute': False, 'joined_at': '2020-01-03T01:19:09.595000+00:00', 'hoisted_role': '662467059657211906', 'deaf': False}, 'channel_id': '662464939469963289', 'guild_id': '662464939469963285'}}
2020-09-20 01:38:32,457:DEBUG:discord.client: Dispatching event socket_response
2020-09-20 01:38:32,457:DEBUG:discord.client: Dispatching event typing
2020-09-20 01:38:36,395:DEBUG:discord.client: Dispatching event socket_raw_receive
2020-09-20 01:38:36,395:DEBUG:discord.gateway: For Shard ID None: WebSocket Event: {'t': 'MESSAGE_CREATE', 's': 12, 'op': 0, 'd': {'type': 0, 'tts': False, 'timestamp': '2020-09-20T05:38:36.627000+00:00', 'pinned': False, 'nonce': '757113463989338112', 'mentions': [], 'mention_roles': [], 'mention_everyone': False, 'member': {'roles': ['662467059657211906'], 'mute': False, 'joined_at': '2020-01-03T01:19:09.595000+00:00', 'hoisted_role': '662467059657211906', 'deaf': False}, 'id': '757113465348423800', 'flags': 0, 'embeds': [], 'edited_timestamp': None, 'content': '!reload cogs.error_handler', 'channel_id': '662464939469963289', 'author': {'username': 'Xylr', 'public_flags': 0, 'id': '79597898202882048', 'discriminator': '0781', 'avatar': '26f5e6233b2aeb2071ae3bcb2dc26cfe'}, 'attachments': [], 'guild_id': '662464939469963285'}}
2020-09-20 01:38:36,395:DEBUG:discord.client: Dispatching event socket_response
2020-09-20 01:38:36,395:DEBUG:discord.client: Dispatching event message
2020-09-20 01:38:36,395:DEBUG:discord.client: Dispatching event command
2020-09-20 01:38:36,589:DEBUG:discord.client: Dispatching event socket_raw_receive
2020-09-20 01:38:36,589:DEBUG:discord.gateway: For Shard ID None: WebSocket Event: {'t': 'MESSAGE_CREATE', 's': 13, 'op': 0, 'd': {'type': 0, 'tts': False, 'timestamp': '2020-09-20T05:38:36.826000+00:00', 'pinned': False, 'mentions': [{'username': 'Xylr', 'public_flags': 0, 'member': {'roles': ['662467059657211906'], 'mute': False, 'joined_at': '2020-01-03T01:19:09.595000+00:00', 'hoisted_role': '662467059657211906', 'deaf': False}, 'id': '79597898202882048', 'discriminator': '0781', 'avatar': '26f5e6233b2aeb2071ae3bcb2dc26cfe'}], 'mention_roles': [], 'mention_everyone': False, 'member': {'roles': ['757074101792931952'], 'premium_since': None, 'nick': None, 'mute': False, 'joined_at': '2020-09-20T03:02:11.658712+00:00', 'hoisted_role': None, 'deaf': False}, 'id': '757113466183221298', 'flags': 0, 'embeds': [], 'edited_timestamp': None, 'content': '<@79597898202882048> -> **`### SUCCESS ###`** cogs.error_handler has been reloaded.', 'channel_id': '662464939469963289', 'author': {'username': '!Random', 'public_flags': 0, 'id': '757071685852856410', 'discriminator': '9396', 'bot': True, 'avatar': '29c6621f4cbafba23390374f764b0c90'}, 'attachments': [], 'guild_id': '662464939469963285'}}
2020-09-20 01:38:36,589:DEBUG:discord.client: Dispatching event socket_response
2020-09-20 01:38:36,589:DEBUG:discord.client: Dispatching event message
2020-09-20 01:38:36,605:DEBUG:discord.http: POST https://discord.com/api/v7/channels/662464939469963289/messages with {"content":"<@79597898202882048> -> **`### SUCCESS ###`** cogs.error_handler has been reloaded."} has returned 200
2020-09-20 01:38:36,605:DEBUG:discord.http: POST https://discord.com/api/v7/channels/662464939469963289/messages has received {'id': '757113466183221298', 'type': 0, 'content': '<@79597898202882048> -> **`### SUCCESS ###`** cogs.error_handler has been reloaded.', 'channel_id': '662464939469963289', 'author': {'id': '757071685852856410', 'username': '!Random', 'avatar': '29c6621f4cbafba23390374f764b0c90', 'discriminator': '9396', 'public_flags': 0, 'bot': True}, 'attachments': [], 'embeds': [], 'mentions': [{'id': '79597898202882048', 'username': 'Xylr', 'avatar': '26f5e6233b2aeb2071ae3bcb2dc26cfe', 'discriminator': '0781', 'public_flags': 0}], 'mention_roles': [], 'pinned': False, 'mention_everyone': False, 'tts': False, 'timestamp': '2020-09-20T05:38:36.826000+00:00', 'edited_timestamp': None, 'flags': 0}
2020-09-20 01:38:36,605:DEBUG:discord.client: Dispatching event command_completion
2020-09-20 01:38:37,811:DEBUG:discord.client: Dispatching event socket_raw_receive
2020-09-20 01:38:37,811:DEBUG:discord.gateway: For Shard ID None: WebSocket Event: {'t': 'MESSAGE_CREATE', 's': 14, 'op': 0, 'd': {'type': 0, 'tts': False, 'timestamp': '2020-09-20T05:38:37.932000+00:00', 'pinned': False, 'nonce': '757113469664231424', 'mentions': [], 'mention_roles': [], 'mention_everyone': False, 'member': {'roles': ['662467059657211906'], 'mute': False, 'joined_at': '2020-01-03T01:19:09.595000+00:00', 'hoisted_role': '662467059657211906', 'deaf': False}, 'id': '757113470821990461', 'flags': 0, 'embeds': [], 'edited_timestamp': None, 'content': '!stop', 'channel_id': '662464939469963289', 'author': {'username': 'Xylr', 'public_flags': 0, 'id': '79597898202882048', 'discriminator': '0781', 'avatar': '26f5e6233b2aeb2071ae3bcb2dc26cfe'}, 'attachments': [], 'guild_id': '662464939469963285'}}
2020-09-20 01:38:37,811:DEBUG:discord.client: Dispatching event socket_response
2020-09-20 01:38:37,811:DEBUG:discord.client: Dispatching event message
2020-09-20 01:38:37,811:DEBUG:discord.client: Dispatching event command_error
2020-09-20 01:38:37,900:DEBUG:discord.client: Dispatching event socket_raw_receive
2020-09-20 01:38:37,900:DEBUG:discord.gateway: For Shard ID None: WebSocket Event: {'t': 'MESSAGE_CREATE', 's': 15, 'op': 0, 'd': {'type': 0, 'tts': False, 'timestamp': '2020-09-20T05:38:38.132000+00:00', 'pinned': False, 'mentions': [{'username': 'Xylr', 'public_flags': 0, 'member': {'roles': ['662467059657211906'], 'mute': False, 'joined_at': '2020-01-03T01:19:09.595000+00:00', 'hoisted_role': '662467059657211906', 'deaf': False}, 'id': '79597898202882048', 'discriminator': '0781', 'avatar': '26f5e6233b2aeb2071ae3bcb2dc26cfe'}], 'mention_roles': [], 'mention_everyone': False, 'member': {'roles': ['757074101792931952'], 'premium_since': None, 'nick': None, 'mute': False, 'joined_at': '2020-09-20T03:02:11.658712+00:00', 'hoisted_role': None, 'deaf': False}, 'id': '757113471660851230', 'flags': 0, 'embeds': [], 'edited_timestamp': None, 'content': "<@79597898202882048> - Sorry, I don't understand that command, try !help for a list of commands", 'channel_id': '662464939469963289', 'author': {'username': '!Random', 'public_flags': 0, 'id': '757071685852856410', 'discriminator': '9396', 'bot': True, 'avatar': '29c6621f4cbafba23390374f764b0c90'}, 'attachments': [], 'guild_id': '662464939469963285'}}
2020-09-20 01:38:37,900:DEBUG:discord.client: Dispatching event socket_response
2020-09-20 01:38:37,900:DEBUG:discord.client: Dispatching event message
2020-09-20 01:38:37,910:DEBUG:discord.http: POST https://discord.com/api/v7/channels/662464939469963289/messages with {"content":"<@79597898202882048> - Sorry, I don't understand that command, try !help for a list of commands"} has returned 200
2020-09-20 01:38:37,911:DEBUG:discord.http: POST https://discord.com/api/v7/channels/662464939469963289/messages has received {'id': '757113471660851230', 'type': 0, 'content': "<@79597898202882048> - Sorry, I don't understand that command, try !help for a list of commands", 'channel_id': '662464939469963289', 'author': {'id': '757071685852856410', 'username': '!Random', 'avatar': '29c6621f4cbafba23390374f764b0c90', 'discriminator': '9396', 'public_flags': 0, 'bot': True}, 'attachments': [], 'embeds': [], 'mentions': [{'id': '79597898202882048', 'username': 'Xylr', 'avatar': '26f5e6233b2aeb2071ae3bcb2dc26cfe', 'discriminator': '0781', 'public_flags': 0}], 'mention_roles': [], 'pinned': False, 'mention_everyone': False, 'tts': False, 'timestamp': '2020-09-20T05:38:38.132000+00:00', 'edited_timestamp': None, 'flags': 0}
2020-09-20 01:38:53,093:DEBUG:discord.client: Dispatching event socket_raw_receive
2020-09-20 01:38:53,094:DEBUG:discord.gateway: For Shard ID None: WebSocket Event: {'t': 'TYPING_START', 's': 16, 'op': 0, 'd': {'user_id': '79597898202882048', 'timestamp': 1600580333, 'member': {'user': {'username': 'Xylr', 'id': '79597898202882048', 'discriminator': '0781', 'avatar': '26f5e6233b2aeb2071ae3bcb2dc26cfe'}, 'roles': ['662467059657211906'], 'mute': False, 'joined_at': '2020-01-03T01:19:09.595000+00:00', 'hoisted_role': '662467059657211906', 'deaf': False}, 'channel_id': '662464939469963289', 'guild_id': '662464939469963285'}}
2020-09-20 01:38:53,094:DEBUG:discord.client: Dispatching event socket_response
2020-09-20 01:38:53,094:DEBUG:discord.client: Dispatching event typing
2020-09-20 01:38:55,015:DEBUG:discord.client: Dispatching event socket_raw_receive
2020-09-20 01:38:55,015:DEBUG:discord.gateway: For Shard ID None: WebSocket Event: {'t': 'MESSAGE_CREATE', 's': 17, 'op': 0, 'd': {'type': 0, 'tts': False, 'timestamp': '2020-09-20T05:38:55.255000+00:00', 'pinned': False, 'nonce': '757113542078889984', 'mentions': [], 'mention_roles': [], 'mention_everyone': False, 'member': {'roles': ['662467059657211906'], 'mute': False, 'joined_at': '2020-01-03T01:19:09.595000+00:00', 'hoisted_role': '662467059657211906', 'deaf': False}, 'id': '757113543480049686', 'flags': 0, 'embeds': [], 'edited_timestamp': None, 'content': '!reload cogs.error_handler', 'channel_id': '662464939469963289', 'author': {'username': 'Xylr', 'public_flags': 0, 'id': '79597898202882048', 'discriminator': '0781', 'avatar': '26f5e6233b2aeb2071ae3bcb2dc26cfe'}, 'attachments': [], 'guild_id': '662464939469963285'}}
2020-09-20 01:38:55,015:DEBUG:discord.client: Dispatching event socket_response
2020-09-20 01:38:55,015:DEBUG:discord.client: Dispatching event message
2020-09-20 01:38:55,015:DEBUG:discord.client: Dispatching event command
2020-09-20 01:38:55,161:DEBUG:discord.client: Dispatching event socket_raw_receive
2020-09-20 01:38:55,161:DEBUG:discord.gateway: For Shard ID None: WebSocket Event: {'t': 'MESSAGE_CREATE', 's': 18, 'op': 0, 'd': {'type': 0, 'tts': False, 'timestamp': '2020-09-20T05:38:55.401000+00:00', 'pinned': False, 'mentions': [{'username': 'Xylr', 'public_flags': 0, 'member': {'roles': ['662467059657211906'], 'mute': False, 'joined_at': '2020-01-03T01:19:09.595000+00:00', 'hoisted_role': '662467059657211906', 'deaf': False}, 'id': '79597898202882048', 'discriminator': '0781', 'avatar': '26f5e6233b2aeb2071ae3bcb2dc26cfe'}], 'mention_roles': [], 'mention_everyone': False, 'member': {'roles': ['757074101792931952'], 'premium_since': None, 'nick': None, 'mute': False, 'joined_at': '2020-09-20T03:02:11.658712+00:00', 'hoisted_role': None, 'deaf': False}, 'id': '757113544092287056', 'flags': 0, 'embeds': [], 'edited_timestamp': None, 'content': '<@79597898202882048> -> **`### SUCCESS ###`** cogs.error_handler has been reloaded.', 'channel_id': '662464939469963289', 'author': {'username': '!Random', 'public_flags': 0, 'id': '757071685852856410', 'discriminator': '9396', 'bot': True, 'avatar': '29c6621f4cbafba23390374f764b0c90'}, 'attachments': [], 'guild_id': '662464939469963285'}}
2020-09-20 01:38:55,161:DEBUG:discord.client: Dispatching event socket_response
2020-09-20 01:38:55,161:DEBUG:discord.client: Dispatching event message
2020-09-20 01:38:55,174:DEBUG:discord.http: POST https://discord.com/api/v7/channels/662464939469963289/messages with {"content":"<@79597898202882048> -> **`### SUCCESS ###`** cogs.error_handler has been reloaded."} has returned 200
2020-09-20 01:38:55,174:DEBUG:discord.http: POST https://discord.com/api/v7/channels/662464939469963289/messages has received {'id': '757113544092287056', 'type': 0, 'content': '<@79597898202882048> -> **`### SUCCESS ###`** cogs.error_handler has been reloaded.', 'channel_id': '662464939469963289', 'author': {'id': '757071685852856410', 'username': '!Random', 'avatar': '29c6621f4cbafba23390374f764b0c90', 'discriminator': '9396', 'public_flags': 0, 'bot': True}, 'attachments': [], 'embeds': [], 'mentions': [{'id': '79597898202882048', 'username': 'Xylr', 'avatar': '26f5e6233b2aeb2071ae3bcb2dc26cfe', 'discriminator': '0781', 'public_flags': 0}], 'mention_roles': [], 'pinned': False, 'mention_everyone': False, 'tts': False, 'timestamp': '2020-09-20T05:38:55.401000+00:00', 'edited_timestamp': None, 'flags': 0}
2020-09-20 01:38:55,174:DEBUG:discord.client: Dispatching event command_completion
2020-09-20 01:38:56,419:DEBUG:discord.client: Dispatching event socket_raw_receive
2020-09-20 01:38:56,419:DEBUG:discord.gateway: For Shard ID None: WebSocket Event: {'t': 'MESSAGE_CREATE', 's': 19, 'op': 0, 'd': {'type': 0, 'tts': False, 'timestamp': '2020-09-20T05:38:56.646000+00:00', 'pinned': False, 'nonce': '757113547879612416', 'mentions': [], 'mention_roles': [], 'mention_everyone': False, 'member': {'roles': ['662467059657211906'], 'mute': False, 'joined_at': '2020-01-03T01:19:09.595000+00:00', 'hoisted_role': '662467059657211906', 'deaf': False}, 'id': '757113549314064414', 'flags': 0, 'embeds': [], 'edited_timestamp': None, 'content': '!stop', 'channel_id': '662464939469963289', 'author': {'username': 'Xylr', 'public_flags': 0, 'id': '79597898202882048', 'discriminator': '0781', 'avatar': '26f5e6233b2aeb2071ae3bcb2dc26cfe'}, 'attachments': [], 'guild_id': '662464939469963285'}}
2020-09-20 01:38:56,419:DEBUG:discord.client: Dispatching event socket_response
2020-09-20 01:38:56,419:DEBUG:discord.client: Dispatching event message
2020-09-20 01:38:56,419:DEBUG:discord.client: Dispatching event command_error
2020-09-20 01:38:56,507:DEBUG:discord.client: Dispatching event socket_raw_receive
2020-09-20 01:38:56,507:DEBUG:discord.gateway: For Shard ID None: WebSocket Event: {'t': 'MESSAGE_CREATE', 's': 20, 'op': 0, 'd': {'type': 0, 'tts': False, 'timestamp': '2020-09-20T05:38:56.702000+00:00', 'pinned': False, 'mentions': [{'username': 'Xylr', 'public_flags': 0, 'member': {'roles': ['662467059657211906'], 'mute': False, 'joined_at': '2020-01-03T01:19:09.595000+00:00', 'hoisted_role': '662467059657211906', 'deaf': False}, 'id': '79597898202882048', 'discriminator': '0781', 'avatar': '26f5e6233b2aeb2071ae3bcb2dc26cfe'}], 'mention_roles': [], 'mention_everyone': False, 'member': {'roles': ['757074101792931952'], 'premium_since': None, 'nick': None, 'mute': False, 'joined_at': '2020-09-20T03:02:11.658712+00:00', 'hoisted_role': None, 'deaf': False}, 'id': '757113549549207563', 'flags': 0, 'embeds': [], 'edited_timestamp': None, 'content': "<@79597898202882048> - Sorry, I don't understand that command. try `!help` for a list of commands.", 'channel_id': '662464939469963289', 'author': {'username': '!Random', 'public_flags': 0, 'id': '757071685852856410', 'discriminator': '9396', 'bot': True, 'avatar': '29c6621f4cbafba23390374f764b0c90'}, 'attachments': [], 'guild_id': '662464939469963285'}}
2020-09-20 01:38:56,507:DEBUG:discord.client: Dispatching event socket_response
2020-09-20 01:38:56,507:DEBUG:discord.client: Dispatching event message
2020-09-20 01:38:56,519:DEBUG:discord.http: POST https://discord.com/api/v7/channels/662464939469963289/messages with {"content":"<@79597898202882048> - Sorry, I don't understand that command. try `!help` for a list of commands."} has returned 200
2020-09-20 01:38:56,519:DEBUG:discord.http: POST https://discord.com/api/v7/channels/662464939469963289/messages has received {'id': '757113549549207563', 'type': 0, 'content': "<@79597898202882048> - Sorry, I don't understand that command. try `!help` for a list of commands.", 'channel_id': '662464939469963289', 'author': {'id': '757071685852856410', 'username': '!Random', 'avatar': '29c6621f4cbafba23390374f764b0c90', 'discriminator': '9396', 'public_flags': 0, 'bot': True}, 'attachments': [], 'embeds': [], 'mentions': [{'id': '79597898202882048', 'username': 'Xylr', 'avatar': '26f5e6233b2aeb2071ae3bcb2dc26cfe', 'discriminator': '0781', 'public_flags': 0}], 'mention_roles': [], 'pinned': False, 'mention_everyone': False, 'tts': False, 'timestamp': '2020-09-20T05:38:56.702000+00:00', 'edited_timestamp': None, 'flags': 0}
2020-09-20 01:38:59,845:DEBUG:discord.client: Dispatching event socket_raw_receive
2020-09-20 01:38:59,845:DEBUG:discord.gateway: For Shard ID None: WebSocket Event: {'t': 'MESSAGE_CREATE', 's': 21, 'op': 0, 'd': {'type': 0, 'tts': False, 'timestamp': '2020-09-20T05:39:00.044000+00:00', 'pinned': False, 'nonce': '757113562274463744', 'mentions': [], 'mention_roles': [], 'mention_everyone': False, 'member': {'roles': ['662467059657211906'], 'mute': False, 'joined_at': '2020-01-03T01:19:09.595000+00:00', 'hoisted_role': '662467059657211906', 'deaf': False}, 'id': '757113563566440449', 'flags': 0, 'embeds': [], 'edited_timestamp': None, 'content': '!help', 'channel_id': '662464939469963289', 'author': {'username': 'Xylr', 'public_flags': 0, 'id': '79597898202882048', 'discriminator': '0781', 'avatar': '26f5e6233b2aeb2071ae3bcb2dc26cfe'}, 'attachments': [], 'guild_id': '662464939469963285'}}
2020-09-20 01:38:59,845:DEBUG:discord.client: Dispatching event socket_response
2020-09-20 01:38:59,845:DEBUG:discord.client: Dispatching event message
2020-09-20 01:38:59,845:DEBUG:discord.client: Dispatching event command
2020-09-20 01:38:59,976:DEBUG:discord.http: POST https://discord.com/api/v7/channels/662464939469963289/messages with {"content":"```\nRandomGame:\n  random Randomizes the game settings for Among Us\n\u200bNo Category:\n  help   Shows this message\n\nType !help command for more info on a command.\nYou can also type !help category for more info on a category.\n```"} has returned 200
2020-09-20 01:38:59,976:DEBUG:discord.http: POST https://discord.com/api/v7/channels/662464939469963289/messages has received {'id': '757113564250112040', 'type': 0, 'content': '```\nRandomGame:\n  random Randomizes the game settings for Among Us\n\u200bNo Category:\n  help   Shows this message\n\nType !help command for more info on a command.\nYou can also type !help category for more info on a category.\n```', 'channel_id': '662464939469963289', 'author': {'id': '757071685852856410', 'username': '!Random', 'avatar': '29c6621f4cbafba23390374f764b0c90', 'discriminator': '9396', 'public_flags': 0, 'bot': True}, 'attachments': [], 'embeds': [], 'mentions': [], 'mention_roles': [], 'pinned': False, 'mention_everyone': False, 'tts': False, 'timestamp': '2020-09-20T05:39:00.207000+00:00', 'edited_timestamp': None, 'flags': 0}
2020-09-20 01:38:59,976:DEBUG:discord.client: Dispatching event command_completion
2020-09-20 01:38:59,979:DEBUG:discord.client: Dispatching event socket_raw_receive
2020-09-20 01:38:59,979:DEBUG:discord.gateway: For Shard ID None: WebSocket Event: {'t': 'MESSAGE_CREATE', 's': 22, 'op': 0, 'd': {'type': 0, 'tts': False, 'timestamp': '2020-09-20T05:39:00.207000+00:00', 'pinned': False, 'mentions': [], 'mention_roles': [], 'mention_everyone': False, 'member': {'roles': ['757074101792931952'], 'premium_since': None, 'nick': None, 'mute': False, 'joined_at': '2020-09-20T03:02:11.658712+00:00', 'hoisted_role': None, 'deaf': False}, 'id': '757113564250112040', 'flags': 0, 'embeds': [], 'edited_timestamp': None, 'content': '```\nRandomGame:\n  random Randomizes the game settings for Among Us\n\u200bNo Category:\n  help   Shows this message\n\nType !help command for more info on a command.\nYou can also type !help category for more info on a category.\n```', 'channel_id': '662464939469963289', 'author': {'username': '!Random', 'public_flags': 0, 'id': '757071685852856410', 'discriminator': '9396', 'bot': True, 'avatar': '29c6621f4cbafba23390374f764b0c90'}, 'attachments': [], 'guild_id': '662464939469963285'}}
2020-09-20 01:38:59,979:DEBUG:discord.client: Dispatching event socket_response
2020-09-20 01:38:59,979:DEBUG:discord.client: Dispatching event message
2020-09-20 01:39:09,613:DEBUG:discord.gateway: Keeping shard ID None websocket alive with sequence 22.
2020-09-20 01:39:09,613:DEBUG:discord.client: Dispatching event socket_raw_send
2020-09-20 01:39:09,661:DEBUG:discord.client: Dispatching event socket_raw_receive
2020-09-20 01:39:09,661:DEBUG:discord.gateway: For Shard ID None: WebSocket Event: {'t': None, 's': None, 'op': 11, 'd': None}
2020-09-20 01:39:09,661:DEBUG:discord.client: Dispatching event socket_response
2020-09-20 01:39:50,863:DEBUG:discord.gateway: Keeping shard ID None websocket alive with sequence 22.
2020-09-20 01:39:50,863:DEBUG:discord.client: Dispatching event socket_raw_send
2020-09-20 01:39:50,913:DEBUG:discord.client: Dispatching event socket_raw_receive
2020-09-20 01:39:50,913:DEBUG:discord.gateway: For Shard ID None: WebSocket Event: {'t': None, 's': None, 'op': 11, 'd': None}
2020-09-20 01:39:50,913:DEBUG:discord.client: Dispatching event socket_response
